<?xml version="1.0" encoding="UTF-8"?>
<!-- Generated by org.testng.reporters.JUnitXMLReporter -->
<testsuite hostname="David_Wei" name="Default test" tests="5" failures="0" timestamp="12 Apr 2015 14:40:51 GMT" time="0.184" errors="0">
  <testcase name="test0001" time="0.084" classname="test.com.mm.android.lc.testStatic"/>
  <testcase name="test0002" time="0.003" classname="test.com.mm.android.lc.testStatic"/>
  <testcase name="test0003" time="0.004" classname="test.com.mm.android.lc.testStatic"/>
  <testcase name="test0004" time="0.001" classname="test.com.mm.android.lc.testStatic"/>
  <testcase name="test0005" time="0.011" classname="test.com.mm.android.lc.testStatic"/>
</testsuite> <!-- Default test -->
