<?xml version="1.0" encoding="UTF-8"?>
<!-- Generated by org.testng.reporters.JUnitXMLReporter -->
<testsuite hostname="David_Wei" name="Test" tests="5" failures="0" timestamp="12 Apr 2015 14:47:10 GMT" time="0.126" errors="0">
  <testcase name="test" time="0.027" classname="test.DataFromObject"/>
  <testcase name="test" time="0.004" classname="test.DataFromObject"/>
  <testcase name="test" time="0.005" classname="test.DataFromObject"/>
  <testcase name="test" time="0.004" classname="test.DataFromObject"/>
  <testcase name="test" time="0.004" classname="test.DataFromObject"/>
</testsuite> <!-- Test -->
