<?xml version="1.0" encoding="UTF-8"?>
<!-- Generated by org.testng.reporters.JUnitXMLReporter -->
<testsuite hostname="David_Wei" name="testStatic" tests="2" failures="1" timestamp="12 Apr 2015 15:02:03 GMT" time="0.08" errors="0">
  <testcase name="test0002" time="0.027" classname="test.com.mm.android.lc.testStatic">
    <failure type="java.lang.AssertionError" message="expected [true] but found [false]">
      <![CDATA[java.lang.AssertionError: expected [true] but found [false]
	at test.com.mm.android.lc.testStatic.test0002(testStatic.java:105)
... Removed 28 stack frames]]>
    </failure>
  </testcase> <!-- test0002 -->
  <testcase name="test0003" time="0.006" classname="test.com.mm.android.lc.testStatic">
    <skipped/>
  </testcase> <!-- test0003 -->
</testsuite> <!-- testStatic -->
